Game2048WAPS/proguard/seeds.txt
com.dream.game2048.R$anim: int abc_fade_in
com.dream.game2048.R$anim: int abc_fade_out
com.dream.game2048.R$anim: int abc_grow_fade_in_from_bottom
com.dream.game2048.R$anim: int abc_popup_enter
com.dream.game2048.R$anim: int abc_popup_exit
com.dream.game2048.R$anim: int abc_shrink_fade_out_from_bottom
com.dream.game2048.R$anim: int abc_slide_in_bottom
com.dream.game2048.R$anim: int abc_slide_in_top
com.dream.game2048.R$anim: int abc_slide_out_bottom
com.dream.game2048.R$anim: int abc_slide_out_top
com.dream.game2048.R$attr: int actionBarDivider
com.dream.game2048.R$attr: int actionBarItemBackground
com.dream.game2048.R$attr: int actionBarPopupTheme
com.dream.game2048.R$attr: int actionBarSize
com.dream.game2048.R$attr: int actionBarSplitStyle
com.dream.game2048.R$attr: int actionBarStyle
com.dream.game2048.R$attr: int actionBarTabBarStyle
com.dream.game2048.R$attr: int actionBarTabStyle
com.dream.game2048.R$attr: int actionBarTabTextStyle
com.dream.game2048.R$attr: int actionBarTheme
com.dream.game2048.R$attr: int actionBarWidgetTheme
com.dream.game2048.R$attr: int actionButtonStyle
com.dream.game2048.R$attr: int actionDropDownStyle
com.dream.game2048.R$attr: int actionLayout
com.dream.game2048.R$attr: int actionMenuTextAppearance
com.dream.game2048.R$attr: int actionMenuTextColor
com.dream.game2048.R$attr: int actionModeBackground
com.dream.game2048.R$attr: int actionModeCloseButtonStyle
com.dream.game2048.R$attr: int actionModeCloseDrawable
com.dream.game2048.R$attr: int actionModeCopyDrawable
com.dream.game2048.R$attr: int actionModeCutDrawable
com.dream.game2048.R$attr: int actionModeFindDrawable
com.dream.game2048.R$attr: int actionModePasteDrawable
com.dream.game2048.R$attr: int actionModePopupWindowStyle
com.dream.game2048.R$attr: int actionModeSelectAllDrawable
com.dream.game2048.R$attr: int actionModeShareDrawable
com.dream.game2048.R$attr: int actionModeSplitBackground
com.dream.game2048.R$attr: int actionModeStyle
com.dream.game2048.R$bool: int abc_action_bar_embed_tabs
com.dream.game2048.R$bool: int abc_action_bar_embed_tabs_pre_jb
com.dream.game2048.R$bool: int abc_action_bar_expanded_action_views_exclusive
com.dream.game2048.R$bool: int abc_allow_stacked_button_bar
com.dream.game2048.R$bool: int abc_config_actionMenuItemAllCaps
com.dream.game2048.R$bool: int abc_config_allowActionMenuItemTextWithIcon
com.dream.game2048.R$bool: int abc_config_closeDialogWhenTouchOutside
com.dream.game2048.R$bool: int abc_config_showMenuShortcutsWhenKeyboardPresent
com.dream.game2048.R$color: int abc_background_cache_hint_selector_material_dark
com.dream.game2048.R$color: int abc_background_cache_hint_selector_material_light
com.dream.game2048.R$color: int abc_color_highlight_material
com.dream.game2048.R$color: int abc_input_method_navigation_guard
com.dream.game2048.R$color: int abc_primary_text_disable_only_material_dark
com.dream.game2048.R$color: int abc_primary_text_disable_only_material_light
com.dream.game2048.R$color: int abc_primary_text_material_dark
com.dream.game2048.R$color: int abc_primary_text_material_light
com.dream.game2048.R$color: int abc_search_url_text
com.dream.game2048.R$color: int abc_search_url_text_normal
com.dream.game2048.R$color: int abc_search_url_text_pressed
com.dream.game2048.R$color: int abc_search_url_text_selected
com.dream.game2048.R$color: int abc_secondary_text_material_dark
com.dream.game2048.R$color: int abc_secondary_text_material_light
com.dream.game2048.R$color: int accent_material_dark
com.dream.game2048.R$color: int accent_material_light
com.dream.game2048.R$color: int background
com.dream.game2048.R$color: int background_floating_material_dark
com.dream.game2048.R$color: int background_floating_material_light
com.dream.game2048.R$color: int background_material_dark
com.dream.game2048.R$color: int background_material_light
com.dream.game2048.R$color: int bright_foreground_disabled_material_dark
com.dream.game2048.R$color: int bright_foreground_disabled_material_light
...
android.support.v4.app.FragmentState
android.support.v4.app.FragmentState: android.os.Parcelable$Creator CREATOR
android.support.v4.app.FragmentTabHost
android.support.v4.app.FragmentTabHost: FragmentTabHost(android.content.Context,android.util.AttributeSet)
android.support.v4.app.FragmentTabHost: void setOnTabChangedListener(android.widget.TabHost$OnTabChangeListener)
android.support.v4.app.FragmentTabHost$SavedState
android.support.v4.app.FragmentTabHost$SavedState: android.os.Parcelable$Creator CREATOR
android.support.v4.app.NotificationCompatSideChannelService
android.support.v4.content.FileProvider
android.support.v4.content.ModernAsyncTask$Status: android.support.v4.content.ModernAsyncTask$Status[] values()
android.support.v4.content.ModernAsyncTask$Status: android.support.v4.content.ModernAsyncTask$Status valueOf(java.lang.String)
android.support.v4.content.WakefulBroadcastReceiver
android.support.v4.media.MediaBrowserCompat$ItemReceiver
android.support.v4.media.MediaBrowserCompat$MediaItem
android.support.v4.media.MediaBrowserCompat$MediaItem: android.os.Parcelable$Creator CREATOR
android.support.v4.media.MediaBrowserServiceCompat
android.support.v4.media.MediaBrowserServiceCompat$ServiceImplApi23$1
android.support.v4.media.MediaDescriptionCompat
android.support.v4.media.MediaDescriptionCompat: android.os.Parcelable$Creator CREATOR
android.support.v4.media.MediaMetadataCompat
android.support.v4.media.MediaMetadataCompat: android.os.Parcelable$Creator CREATOR
android.support.v4.media.RatingCompat
android.support.v4.media.RatingCompat: android.os.Parcelable$Creator CREATOR
android.support.v4.media.session.MediaButtonReceiver
android.support.v4.media.session.MediaSessionCompat$QueueItem
android.support.v4.media.session.MediaSessionCompat$QueueItem: android.os.Parcelable$Creator CREATOR
android.support.v4.media.session.MediaSessionCompat$ResultReceiverWrapper
android.support.v4.media.session.MediaSessionCompat$ResultReceiverWrapper: android.os.Parcelable$Creator CREATOR
android.support.v4.media.session.MediaSessionCompat$Token
android.support.v4.media.session.MediaSessionCompat$Token: android.os.Parcelable$Creator CREATOR
android.support.v4.media.session.ParcelableVolumeInfo
android.support.v4.media.session.ParcelableVolumeInfo: android.os.Parcelable$Creator CREATOR
android.support.v4.media.session.PlaybackStateCompat
android.support.v4.media.session.PlaybackStateCompat: android.os.Parcelable$Creator CREATOR
android.support.v4.media.session.PlaybackStateCompat$CustomAction
android.support.v4.media.session.PlaybackStateCompat$CustomAction: android.os.Parcelable$Creator CREATOR
android.support.v4.os.ResultReceiver
android.support.v4.os.ResultReceiver: android.os.Parcelable$Creator CREATOR
android.support.v4.view.PagerTabStrip
android.support.v4.view.PagerTabStrip: PagerTabStrip(android.content.Context,android.util.AttributeSet)
android.support.v4.view.PagerTabStrip: void setTabIndicatorColor(int)
android.support.v4.view.PagerTabStrip: void setTabIndicatorColorResource(int)
android.support.v4.view.PagerTabStrip: int getTabIndicatorColor()
android.support.v4.view.PagerTabStrip: void setTextSpacing(int)
android.support.v4.view.PagerTabStrip: void setBackgroundDrawable(android.graphics.drawable.Drawable)
android.support.v4.view.PagerTabStrip: void setBackgroundColor(int)
android.support.v4.view.PagerTabStrip: void setBackgroundResource(int)
android.support.v4.view.PagerTabStrip: void setDrawFullUnderline(boolean)
android.support.v4.view.PagerTabStrip: boolean getDrawFullUnderline()
android.support.v4.view.PagerTabStrip: int getMinHeight()