Game2048WAPS/proguard/mapping.txt
cn.waps.b.p -> cn.waps.b.p:
    java.lang.String a -> a
    java.lang.String b -> b
    java.lang.String c -> c
    android.graphics.Bitmap d -> d
    java.lang.String e -> e
    java.lang.String a() -> a
    void a(java.lang.String) -> a
    java.lang.String b() -> b
    void b(java.lang.String) -> b
    java.lang.String c() -> c
    void c(java.lang.String) -> c
    android.graphics.Bitmap d() -> d
    void a(android.graphics.Bitmap) -> a
    java.lang.String e() -> e
    void d(java.lang.String) -> d
cn.waps.ba -> cn.waps.r:
    cn.waps.ax a -> a
    void run() -> run
cn.waps.bb -> cn.waps.s:
    android.content.Context a -> a
    cn.waps.ax b -> b
    void run() -> run
cn.waps.bc -> cn.waps.t:
    android.content.Context a -> a
    java.lang.String b -> b
    java.lang.String c -> c
    int d -> d
    java.lang.String e -> e
    cn.waps.ax f -> f
    java.lang.Boolean a(java.lang.Void[]) -> a
    void a(java.lang.Boolean) -> a
    void onPostExecute(java.lang.Object) -> onPostExecute
    java.lang.Object doInBackground(java.lang.Object[]) -> doInBackground
cn.waps.bd -> cn.waps.bd:
    android.content.Context a -> a
    cn.waps.ai b -> b
    java.lang.String c -> c
    java.util.List d -> d
    java.lang.String e -> e
    void a() -> a
    void a(android.content.Context,java.lang.String,java.lang.String,boolean) -> a
    void a(android.content.Context,java.util.List,java.lang.String,boolean) -> a
    void a(android.content.Context,java.util.List,int,java.lang.String,boolean) -> a
    java.util.List a(java.io.InputStream) -> a
    void b() -> b
    void a(android.content.Context,java.lang.String,java.lang.String,java.lang.String) -> a
    android.widget.LinearLayout a(android.content.Context,android.app.Dialog,java.util.List,java.lang.String,java.lang.String,boolean) -> a
    java.lang.String a(cn.waps.bd) -> a
    java.lang.String b(cn.waps.bd) -> b
    cn.waps.ai c(cn.waps.bd) -> c
    java.util.List a(cn.waps.bd,java.util.List) -> a
    void a(cn.waps.bd,android.content.Context,java.util.List,int,java.lang.String,boolean) -> a
cn.waps.be -> cn.waps.u:
    android.content.Context a -> a
    java.lang.String b -> b
    java.lang.String c -> c
    cn.waps.bd d -> d
    void onClick(android.content.DialogInterface,int) -> onClick
cn.waps.bf -> cn.waps.v:
    boolean a -> a
    java.lang.String b -> b
    java.lang.String c -> c
    android.content.Context d -> d
    cn.waps.bd e -> e
    void onClick(android.content.DialogInterface,int) -> onClick
cn.waps.bg -> cn.waps.w:
    android.widget.CheckBox a -> a
    cn.waps.bd b -> b
    void onClick(android.view.View) -> onClick
cn.waps.bh -> cn.waps.x:
    android.content.Context a -> a
    java.util.List b -> b
    java.lang.String c -> c
    boolean d -> d
    android.widget.CheckBox e -> e
    android.app.Dialog f -> f
    cn.waps.bd g -> g
    void onItemClick(android.widget.AdapterView,android.view.View,int,long) -> onItemClick
cn.waps.bi -> cn.waps.y:
    java.util.List a -> a
    cn.waps.bd b -> b
    java.lang.String a(java.lang.Void[]) -> a
    void a(java.lang.String) -> a
    void onPostExecute(java.lang.Object) -> onPostExecute
    java.lang.Object doInBackground(java.lang.Object[]) -> doInBackground
cn.waps.bj -> cn.waps.z:
    android.content.Context a -> a
    java.util.List b -> b
    java.lang.String c -> c
    cn.waps.bd d -> d
    int getCount() -> getCount
    java.lang.Object getItem(int) -> getItem
    long getItemId(int) -> getItemId
    android.view.View getView(int,android.view.View,android.view.ViewGroup) -> getView
cn.waps.bk -> cn.waps.aa:
    cn.waps.bd a -> a
    java.lang.Boolean a(java.lang.Void[]) -> a
    void a(java.lang.Boolean) -> a
    void onPostExecute(java.lang.Object) -> onPostExecute
    java.lang.Object doInBackground(java.lang.Object[]) -> doInBackground