Game2048WAPS/proguard/usage.txt
com.dream.game2048.BuildConfig
com.dream.game2048.R
com.dream.game2048.R$anim
com.dream.game2048.R$attr
com.dream.game2048.R$bool
com.dream.game2048.R$color
com.dream.game2048.R$dimen
com.dream.game2048.R$drawable
com.dream.game2048.R$id
com.dream.game2048.R$integer
com.dream.game2048.R$layout
com.dream.game2048.R$string
com.dream.game2048.R$style
com.dream.game2048.R$styleable
...
android.support.v4.view.PagerTitleStripIcs$SingleLineAllCapsTransform
android.support.v4.view.ScaleGestureDetectorCompat
android.support.v4.view.ScaleGestureDetectorCompat$1
android.support.v4.view.ScaleGestureDetectorCompat$BaseScaleGestureDetectorImpl
android.support.v4.view.ScaleGestureDetectorCompat$ScaleGestureDetectorCompatKitKatImpl
android.support.v4.view.ScaleGestureDetectorCompat$ScaleGestureDetectorImpl
android.support.v4.view.ScaleGestureDetectorCompatKitKat
android.support.v4.view.VelocityTrackerCompat:
    94:94:private VelocityTrackerCompat()
android.support.v4.view.VelocityTrackerCompatHoneycomb:
    24:24:VelocityTrackerCompatHoneycomb()
android.support.v4.view.ViewCompat:
    private static final java.lang.String TAG
    public static final int OVER_SCROLL_ALWAYS
    public static final int OVER_SCROLL_IF_CONTENT_SCROLLS
    public static final int OVER_SCROLL_NEVER
    private static final long FAKE_FRAME_TIME
    public static final int IMPORTANT_FOR_ACCESSIBILITY_AUTO
    public static final int IMPORTANT_FOR_ACCESSIBILITY_YES
    public static final int IMPORTANT_FOR_ACCESSIBILITY_NO
    public static final int IMPORTANT_FOR_ACCESSIBILITY_NO_HIDE_DESCENDANTS
    public static final int ACCESSIBILITY_LIVE_REGION_NONE
    public static final int ACCESSIBILITY_LIVE_REGION_POLITE
    public static final int ACCESSIBILITY_LIVE_REGION_ASSERTIVE
    public static final int LAYER_TYPE_NONE
    public static final int LAYER_TYPE_SOFTWARE
    public static final int LAYER_TYPE_HARDWARE
    public static final int LAYOUT_DIRECTION_LTR
    public static final int LAYOUT_DIRECTION_RTL
    public static final int LAYOUT_DIRECTION_INHERIT
    public static final int LAYOUT_DIRECTION_LOCALE
    public static final int MEASURED_SIZE_MASK
    public static final int MEASURED_STATE_MASK
    public static final int MEASURED_HEIGHT_STATE_SHIFT
    public static final int MEASURED_STATE_TOO_SMALL
    public static final int SCROLL_AXIS_NONE
    public static final int SCROLL_AXIS_HORIZONTAL
    public static final int SCROLL_AXIS_VERTICAL
    public static final int SCROLL_INDICATOR_TOP
android.support.v4.view.ViewCompat$AccessibilityLiveRegion
android.support.v4.view.ViewCompat$BaseViewCompatImpl:
    private java.lang.reflect.Method mDispatchStartTemporaryDetach
    private java.lang.reflect.Method mDispatchFinishTemporaryDetach
    private boolean mTempDetachBound
    482:482:public void setOverScrollMode(android.view.View,int)
    489:489:public boolean hasAccessibilityDelegate(android.view.View)
    494:494:public void onPopulateAccessibilityEvent(android.view.View,android.view.accessibility.AccessibilityEvent)
    497:497:public void onInitializeAccessibilityEvent(android.view.View,android.view.accessibility.AccessibilityEvent)
    500:500:public void onInitializeAccessibilityNodeInfo(android.view.View,android.support.v4.view.accessibility.AccessibilityNodeInfoCompat)
    503:503:public boolean hasTransientState(android.view.View)
    507:507:public void setHasTransientState(android.view.View,boolean)
    530:530:public boolean isImportantForAccessibility(android.view.View)
    533:533:public boolean performAccessibilityAction(android.view.View,int,android.os.Bundle)
    536:536:public android.support.v4.view.accessibility.AccessibilityNodeProviderCompat getAccessibilityNodeProvider(android.view.View)
    539:539:public float getAlpha(android.view.View)
    548:548:public int getLabelFor(android.view.View)
    552:552:public void setLabelFor(android.view.View,int)
    565:565:public void setLayoutDirection(android.view.View,int)
android.support.v4.view.ViewCompat$EclairMr1ViewCompatImpl:
    1079:1080:public void setChildrenDrawingOrderEnabled(android.view.ViewGroup,boolean)
android.support.v4.view.ViewCompat$GBViewCompatImpl:
    1090:1091:public void setOverScrollMode(android.view.View,int)